<?xml version="1.0" encoding="UTF-8"?>
<!-- Generated by org.testng.reporters.JUnitReportReporter -->
<testsuite hostname="L-INE-5WQCQG3" failures="0" tests="1" name="com.jenkins.pageFactory.DriverLoginRegister" time="7.178" errors="0" timestamp="2023-09-08T17:46:44 IST" skipped="0">
  <testcase classname="com.jenkins.pageFactory.DriverLoginRegister" name="f" time="7.178"/>
</testsuite> <!-- com.jenkins.pageFactory.DriverLoginRegister -->
