<?xml version="1.0" encoding="UTF-8"?>
<!-- Generated by org.testng.reporters.JUnitReportReporter -->
<testsuite hostname="L-INE-5WQCQG3" failures="0" tests="5" name="com.jenkins.Jenkins.TestNGCase_03" time="5.148" errors="0" timestamp="2023-09-07T13:16:56 IST" skipped="0">
  <testcase classname="com.jenkins.Jenkins.TestNGCase_03" name="testCase1" time="1.470"/>
  <testcase classname="com.jenkins.Jenkins.TestNGCase_03" name="testCase2" time="0.974"/>
  <testcase classname="com.jenkins.Jenkins.TestNGCase_03" name="testCase3" time="0.933"/>
  <testcase classname="com.jenkins.Jenkins.TestNGCase_03" name="testCase4" time="1.102"/>
  <testcase classname="com.jenkins.Jenkins.TestNGCase_03" name="testCase5" time="0.669"/>
</testsuite> <!-- com.jenkins.Jenkins.TestNGCase_03 -->
