<?xml version="1.0" encoding="UTF-8"?>
<!-- Generated by org.testng.reporters.JUnitReportReporter -->
<testsuite hostname="L-INE-5WQCQG3" failures="0" tests="1" name="com.jenkins.log4j.AssertGoogle" time="10.647" errors="0" timestamp="2023-09-11T14:27:43 IST" skipped="0">
  <testcase classname="com.jenkins.log4j.AssertGoogle" name="f" time="10.647"/>
</testsuite> <!-- com.jenkins.log4j.AssertGoogle -->
