<?xml version="1.0" encoding="UTF-8"?>
<!-- Generated by org.testng.reporters.JUnitReportReporter -->
<testsuite hostname="L-INE-5WQCQG3" failures="0" tests="1" name="com.jenkins.Jenkins.demo" time="0.012" errors="0" timestamp="2023-09-06T11:23:41 IST" skipped="0">
  <testcase classname="com.jenkins.Jenkins.demo" name="f" time="0.012"/>
</testsuite> <!-- com.jenkins.Jenkins.demo -->
