<?xml version="1.0" encoding="UTF-8"?>
<!-- Generated by org.testng.reporters.JUnitReportReporter -->
<testsuite hostname="L-INE-5WQCQG3" failures="0" tests="2" name="com.jenkins.Jenkins.TestNGCase_1" time="14.477" errors="0" timestamp="2023-09-07T12:01:20 IST" skipped="0">
  <testcase classname="com.jenkins.Jenkins.TestNGCase_1" name="TestCase_01" time="9.680"/>
  <testcase classname="com.jenkins.Jenkins.TestNGCase_1" name="TestCase_02" time="4.797"/>
</testsuite> <!-- com.jenkins.Jenkins.TestNGCase_1 -->
