<?xml version="1.0" encoding="UTF-8"?>
<!-- Generated by org.testng.reporters.JUnitReportReporter -->
<testsuite hostname="L-INE-5WQCQG3" failures="0" tests="1" name="com.jenkins.Jenkins.Test2" time="10.882" errors="0" timestamp="2023-09-06T12:29:36 IST" skipped="0">
  <testcase classname="com.jenkins.Jenkins.Test2" name="f" time="10.882"/>
</testsuite> <!-- com.jenkins.Jenkins.Test2 -->
