<?xml version="1.0" encoding="UTF-8"?>
<!-- Generated by org.testng.reporters.JUnitReportReporter -->
<testsuite hostname="L-INE-5WQCQG3" failures="0" tests="2" name="com.jenkins.Jenkins.TestNGListner" time="48.610" errors="0" timestamp="2023-09-06T14:42:34 IST" skipped="0">
  <testcase classname="com.jenkins.Jenkins.TestNGListner" name="f2" time="12.933"/>
  <testcase classname="com.jenkins.Jenkins.TestNGListner" name="f" time="35.677"/>
</testsuite> <!-- com.jenkins.Jenkins.TestNGListner -->
