<?xml version="1.0" encoding="UTF-8"?>
<!-- Generated by org.testng.reporters.JUnitReportReporter -->
<testsuite hostname="L-INE-5WQCQG3" failures="0" tests="1" name="com.jenkins.Jenkins.LoginWithPageFactory" time="18.558" errors="0" timestamp="2023-09-08T14:05:36 IST" skipped="0">
  <testcase classname="com.jenkins.Jenkins.LoginWithPageFactory" name="Login1" time="18.558"/>
</testsuite> <!-- com.jenkins.Jenkins.LoginWithPageFactory -->
