<?xml version="1.0" encoding="UTF-8"?>
<!-- Generated by org.testng.reporters.JUnitReportReporter -->
<testsuite hostname="L-INE-5WQCQG3" failures="0" tests="1" name="com.jenkins.Jenkins.POMOLogin" time="11.154" errors="0" timestamp="2023-09-08T16:44:34 IST" skipped="0">
  <testcase classname="com.jenkins.Jenkins.POMOLogin" name="f" time="11.154"/>
</testsuite> <!-- com.jenkins.Jenkins.POMOLogin -->
