<?xml version="1.0" encoding="UTF-8"?>
<!-- Generated by org.testng.reporters.JUnitReportReporter -->
<testsuite hostname="L-INE-5WQCQG3" failures="0" tests="2" name="com.jenkins.Jenkins.TestNGCase_02" time="3.932" errors="0" timestamp="2023-09-07T12:31:28 IST" skipped="0">
  <testcase classname="com.jenkins.Jenkins.TestNGCase_02" name="TestCase2" time="1.978"/>
  <testcase classname="com.jenkins.Jenkins.TestNGCase_02" name="Testcase1" time="1.954"/>
</testsuite> <!-- com.jenkins.Jenkins.TestNGCase_02 -->
